<?xml version="1.0" encoding="UTF-8"?>
<!-- Generated by org.testng.reporters.JUnitReportReporter -->
<testsuite skipped="0" hostname="ADB-PG01H602" name="com.inetBanking.testCases.TC_Login_001" tests="1" failures="0" timestamp="2020-05-17T18:19:29 IST" time="27.114" errors="0">
  <testcase name="LoginTest" time="27.114" classname="com.inetBanking.testCases.TC_Login_001"/>
  <system-out/>
</testsuite> <!-- com.inetBanking.testCases.TC_Login_001 -->
